# JRE version: OpenJDK Runtime Environment (7.0_79-b14) (build 1.7.0_79-b14)
# Java VM: OpenJDK 64-Bit Server VM (24.79-b02 mixed mode linux-amd64 compressed oops)
Heap
 def new generation   total 57664K, used 0K [0x00000000d6800000, 0x00000000da690000, 0x00000000e0e00000)
  eden space 51264K,   0% used [0x00000000d6800000, 0x00000000d6800000, 0x00000000d9a10000)
  from space 6400K,   0% used [0x00000000da050000, 0x00000000da050000, 0x00000000da690000)
  to   space 6400K,   0% used [0x00000000d9a10000, 0x00000000d9a10000, 0x00000000da050000)
 tenured generation   total 253324K, used 125941K [0x00000000e0e00000, 0x00000000f0563000, 0x00000000f5a00000)
   the space 253324K,  49% used [0x00000000e0e00000, 0x00000000e88fd428, 0x00000000e88fd600, 0x00000000f0563000)
 compacting perm gen  total 21248K, used 4487K [0x00000000f5a00000, 0x00000000f6ec0000, 0x0000000100000000)
   the space 21248K,  21% used [0x00000000f5a00000, 0x00000000f5e61e68, 0x00000000f5e62000, 0x00000000f6ec0000)
GC Heap History (10 events):
Event: 10.534 GC heap after
Heap after GC invocations=22 (full 5):
 def new generation   total 57664K, used 0K [0x00000000d6800000, 0x00000000da690000, 0x00000000e0e00000)
  eden space 51264K,   0% used [0x00000000d6800000, 0x00000000d6800000, 0x00000000d9a10000)
  from space 6400K,   0% used [0x00000000d9a10000, 0x00000000d9a10000, 0x00000000da050000)
  to   space 6400K,   0% used [0x00000000da050000, 0x00000000da050000, 0x00000000da690000)
 tenured generation   total 128064K, used 63312K [0x00000000e0e00000, 0x00000000e8b10000, 0x00000000f5a00000)
   the space 128064K,  49% used [0x00000000e0e00000, 0x00000000e4bd43e0, 0x00000000e4bd4400, 0x00000000e8b10000)
 compacting perm gen  total 21248K, used 4487K [0x00000000f5a00000, 0x00000000f6ec0000, 0x0000000100000000)
   the space 21248K,  21% used [0x00000000f5a00000, 0x00000000f5e61da8, 0x00000000f5e61e00, 0x00000000f6ec0000)
No shared spaces configured.
}
Event: 11.368 GC heap before
{Heap before GC invocations=22 (full 5):
 def new generation   total 57664K, used 51216K [0x00000000d6800000, 0x00000000da690000, 0x00000000e0e00000)
  eden space 51264K,  99% used [0x00000000d6800000, 0x00000000d9a042c8, 0x00000000d9a10000)
  from space 6400K,   0% used [0x00000000d9a10000, 0x00000000d9a10000, 0x00000000da050000)
  to   space 6400K,   0% used [0x00000000da050000, 0x00000000da050000, 0x00000000da690000)
 tenured generation   total 253324K, used 188568K [0x00000000e0e00000, 0x00000000f0563000, 0x00000000f5a00000)
   the space 253324K,  74% used [0x00000000e0e00000, 0x00000000ec6263f0, 0x00000000ec626400, 0x00000000f0563000)
 compacting perm gen  total 21248K, used 4487K [0x00000000f5a00000, 0x00000000f6ec0000, 0x0000000100000000)
   the space 21248K,  21% used [0x00000000f5a00000, 0x00000000f5e61da8, 0x00000000f5e61e00, 0x00000000f6ec0000)
No shared spaces configured.
Event: 11.370 GC heap after
Heap after GC invocations=23 (full 5):
 def new generation   total 57664K, used 64K [0x00000000d6800000, 0x00000000da690000, 0x00000000e0e00000)
  eden space 51264K,   0% used [0x00000000d6800000, 0x00000000d6800000, 0x00000000d9a10000)
  from space 6400K,   1% used [0x00000000da050000, 0x00000000da0600a8, 0x00000000da690000)
  to   space 6400K,   0% used [0x00000000d9a10000, 0x00000000d9a10000, 0x00000000da050000)
 tenured generation   total 253324K, used 188568K [0x00000000e0e00000, 0x00000000f0563000, 0x00000000f5a00000)
   the space 253324K,  74% used [0x00000000e0e00000, 0x00000000ec6263f0, 0x00000000ec626400, 0x00000000f0563000)
 compacting perm gen  total 21248K, used 4487K [0x00000000f5a00000, 0x00000000f6ec0000, 0x0000000100000000)
   the space 21248K,  21% used [0x00000000f5a00000, 0x00000000f5e61da8, 0x00000000f5e61e00, 0x00000000f6ec0000)
No shared spaces configured.
}
Event: 14.090 GC heap before
{Heap before GC invocations=23 (full 5):
 def new generation   total 57664K, used 51271K [0x00000000d6800000, 0x00000000da690000, 0x00000000e0e00000)
  eden space 51264K,  99% used [0x00000000d6800000, 0x00000000d9a01ce8, 0x00000000d9a10000)
  from space 6400K,   1% used [0x00000000da050000, 0x00000000da0600a8, 0x00000000da690000)
  to   space 6400K,   0% used [0x00000000d9a10000, 0x00000000d9a10000, 0x00000000da050000)
 tenured generation   total 253324K, used 188568K [0x00000000e0e00000, 0x00000000f0563000, 0x00000000f5a00000)
   the space 253324K,  74% used [0x00000000e0e00000, 0x00000000ec6263f0, 0x00000000ec626400, 0x00000000f0563000)
 compacting perm gen  total 21248K, used 4487K [0x00000000f5a00000, 0x00000000f6ec0000, 0x0000000100000000)
   the space 21248K,  21% used [0x00000000f5a00000, 0x00000000f5e61e68, 0x00000000f5e62000, 0x00000000f6ec0000)
No shared spaces configured.
Event: 15.421 GC heap after
Heap after GC invocations=24 (full 5):
 def new generation   total 57664K, used 32K [0x00000000d6800000, 0x00000000da690000, 0x00000000e0e00000)
  eden space 51264K,   0% used [0x00000000d6800000, 0x00000000d6800000, 0x00000000d9a10000)
  from space 6400K,   0% used [0x00000000d9a10000, 0x00000000d9a18080, 0x00000000da050000)
  to   space 6400K,   0% used [0x00000000da050000, 0x00000000da050000, 0x00000000da690000)
 tenured generation   total 253324K, used 188568K [0x00000000e0e00000, 0x00000000f0563000, 0x00000000f5a00000)
   the space 253324K,  74% used [0x00000000e0e00000, 0x00000000ec6263f0, 0x00000000ec626400, 0x00000000f0563000)
 compacting perm gen  total 21248K, used 4487K [0x00000000f5a00000, 0x00000000f6ec0000, 0x0000000100000000)
   the space 21248K,  21% used [0x00000000f5a00000, 0x00000000f5e61e68, 0x00000000f5e62000, 0x00000000f6ec0000)
No shared spaces configured.
}
Event: 133.408 GC heap before
{Heap before GC invocations=24 (full 5):
 def new generation   total 57664K, used 51235K [0x00000000d6800000, 0x00000000da690000, 0x00000000e0e00000)
  eden space 51264K,  99% used [0x00000000d6800000, 0x00000000d9a00c50, 0x00000000d9a10000)
  from space 6400K,   0% used [0x00000000d9a10000, 0x00000000d9a18080, 0x00000000da050000)
  to   space 6400K,   0% used [0x00000000da050000, 0x00000000da050000, 0x00000000da690000)
 tenured generation   total 253324K, used 188568K [0x00000000e0e00000, 0x00000000f0563000, 0x00000000f5a00000)
   the space 253324K,  74% used [0x00000000e0e00000, 0x00000000ec6263f0, 0x00000000ec626400, 0x00000000f0563000)
 compacting perm gen  total 21248K, used 4487K [0x00000000f5a00000, 0x00000000f6ec0000, 0x0000000100000000)
   the space 21248K,  21% used [0x00000000f5a00000, 0x00000000f5e61e68, 0x00000000f5e62000, 0x00000000f6ec0000)
No shared spaces configured.
Event: 137.068 GC heap after
Heap after GC invocations=25 (full 5):
 def new generation   total 57664K, used 47K [0x00000000d6800000, 0x00000000da690000, 0x00000000e0e00000)
  eden space 51264K,   0% used [0x00000000d6800000, 0x00000000d6800000, 0x00000000d9a10000)
  from space 6400K,   0% used [0x00000000da050000, 0x00000000da05bfc8, 0x00000000da690000)
  to   space 6400K,   0% used [0x00000000d9a10000, 0x00000000d9a10000, 0x00000000da050000)
 tenured generation   total 253324K, used 188568K [0x00000000e0e00000, 0x00000000f0563000, 0x00000000f5a00000)
   the space 253324K,  74% used [0x00000000e0e00000, 0x00000000ec6263f0, 0x00000000ec626400, 0x00000000f0563000)
 compacting perm gen  total 21248K, used 4487K [0x00000000f5a00000, 0x00000000f6ec0000, 0x0000000100000000)
   the space 21248K,  21% used [0x00000000f5a00000, 0x00000000f5e61e68, 0x00000000f5e62000, 0x00000000f6ec0000)
No shared spaces configured.
}
Event: 260.141 GC heap before
{Heap before GC invocations=25 (full 5):
 def new generation   total 57664K, used 51289K [0x00000000d6800000, 0x00000000da690000, 0x00000000e0e00000)
  eden space 51264K,  99% used [0x00000000d6800000, 0x00000000d9a0a588, 0x00000000d9a10000)
  from space 6400K,   0% used [0x00000000da050000, 0x00000000da05bfc8, 0x00000000da690000)
  to   space 6400K,   0% used [0x00000000d9a10000, 0x00000000d9a10000, 0x00000000da050000)
 tenured generation   total 253324K, used 188568K [0x00000000e0e00000, 0x00000000f0563000, 0x00000000f5a00000)
   the space 253324K,  74% used [0x00000000e0e00000, 0x00000000ec6263f0, 0x00000000ec626400, 0x00000000f0563000)
 compacting perm gen  total 21248K, used 4487K [0x00000000f5a00000, 0x00000000f6ec0000, 0x0000000100000000)
   the space 21248K,  21% used [0x00000000f5a00000, 0x00000000f5e61e68, 0x00000000f5e62000, 0x00000000f6ec0000)
No shared spaces configured.
Event: 264.352 GC heap after
Heap after GC invocations=26 (full 5):
 def new generation   total 57664K, used 29K [0x00000000d6800000, 0x00000000da690000, 0x00000000e0e00000)
  eden space 51264K,   0% used [0x00000000d6800000, 0x00000000d6800000, 0x00000000d9a10000)
  from space 6400K,   0% used [0x00000000d9a10000, 0x00000000d9a17750, 0x00000000da050000)
  to   space 6400K,   0% used [0x00000000da050000, 0x00000000da050000, 0x00000000da690000)
 tenured generation   total 253324K, used 188568K [0x00000000e0e00000, 0x00000000f0563000, 0x00000000f5a00000)
   the space 253324K,  74% used [0x00000000e0e00000, 0x00000000ec6263f0, 0x00000000ec626400, 0x00000000f0563000)
 compacting perm gen  total 21248K, used 4487K [0x00000000f5a00000, 0x00000000f6ec0000, 0x0000000100000000)
   the space 21248K,  21% used [0x00000000f5a00000, 0x00000000f5e61e68, 0x00000000f5e62000, 0x00000000f6ec0000)
No shared spaces configured.
}
Event: 274.282 GC heap before
{Heap before GC invocations=26 (full 5):
 def new generation   total 57664K, used 3076K [0x00000000d6800000, 0x00000000da690000, 0x00000000e0e00000)
  eden space 51264K,   5% used [0x00000000d6800000, 0x00000000d6af9a58, 0x00000000d9a10000)
  from space 6400K,   0% used [0x00000000d9a10000, 0x00000000d9a17750, 0x00000000da050000)
  to   space 6400K,   0% used [0x00000000da050000, 0x00000000da050000, 0x00000000da690000)
 tenured generation   total 253324K, used 188568K [0x00000000e0e00000, 0x00000000f0563000, 0x00000000f5a00000)
   the space 253324K,  74% used [0x00000000e0e00000, 0x00000000ec6263f0, 0x00000000ec626400, 0x00000000f0563000)
 compacting perm gen  total 21248K, used 4487K [0x00000000f5a00000, 0x00000000f6ec0000, 0x0000000100000000)
   the space 21248K,  21% used [0x00000000f5a00000, 0x00000000f5e61e68, 0x00000000f5e62000, 0x00000000f6ec0000)
No shared spaces configured.

