# JRE version: OpenJDK Runtime Environment (7.0_79-b14) (build 1.7.0_79-b14)
# Java VM: OpenJDK 64-Bit Server VM (24.79-b02 mixed mode linux-amd64 compressed oops)
Heap
 def new generation   total 15424K, used 0K [0x00000000d6800000, 0x00000000d78b0000, 0x00000000e0e00000)
  eden space 13760K,   0% used [0x00000000d6800000, 0x00000000d6800000, 0x00000000d7570000)
  from space 1664K,   0% used [0x00000000d7570000, 0x00000000d7570000, 0x00000000d7710000)
  to   space 1664K,   0% used [0x00000000d7710000, 0x00000000d7710000, 0x00000000d78b0000)
 tenured generation   total 65432K, used 31997K [0x00000000e0e00000, 0x00000000e4de6000, 0x00000000f5a00000)
   the space 65432K,  48% used [0x00000000e0e00000, 0x00000000e2d3f748, 0x00000000e2d3f800, 0x00000000e4de6000)
 compacting perm gen  total 21248K, used 4486K [0x00000000f5a00000, 0x00000000f6ec0000, 0x0000000100000000)
   the space 21248K,  21% used [0x00000000f5a00000, 0x00000000f5e61ae0, 0x00000000f5e61c00, 0x00000000f6ec0000)
GC Heap History (10 events):
Event: 7.124 GC heap after
Heap after GC invocations=13 (full 2):
 def new generation   total 8384K, used 64K [0x00000000d6800000, 0x00000000d7110000, 0x00000000e0e00000)
  eden space 7488K,   0% used [0x00000000d6800000, 0x00000000d6800000, 0x00000000d6f50000)
  from space 896K,   7% used [0x00000000d7030000, 0x00000000d70401d8, 0x00000000d7110000)
  to   space 896K,   0% used [0x00000000d6f50000, 0x00000000d6f50000, 0x00000000d7030000)
 tenured generation   total 34116K, used 24531K [0x00000000e0e00000, 0x00000000e2f51000, 0x00000000f5a00000)
   the space 34116K,  71% used [0x00000000e0e00000, 0x00000000e25f4de8, 0x00000000e25f4e00, 0x00000000e2f51000)
 compacting perm gen  total 21248K, used 4479K [0x00000000f5a00000, 0x00000000f6ec0000, 0x0000000100000000)
   the space 21248K,  21% used [0x00000000f5a00000, 0x00000000f5e5fd78, 0x00000000f5e5fe00, 0x00000000f6ec0000)
No shared spaces configured.
}
Event: 7.173 GC heap before
{Heap before GC invocations=13 (full 2):
 def new generation   total 8384K, used 1765K [0x00000000d6800000, 0x00000000d7110000, 0x00000000e0e00000)
  eden space 7488K,  22% used [0x00000000d6800000, 0x00000000d69a9350, 0x00000000d6f50000)
  from space 896K,   7% used [0x00000000d7030000, 0x00000000d70401d8, 0x00000000d7110000)
  to   space 896K,   0% used [0x00000000d6f50000, 0x00000000d6f50000, 0x00000000d7030000)
 tenured generation   total 34116K, used 24531K [0x00000000e0e00000, 0x00000000e2f51000, 0x00000000f5a00000)
   the space 34116K,  71% used [0x00000000e0e00000, 0x00000000e25f4de8, 0x00000000e25f4e00, 0x00000000e2f51000)
 compacting perm gen  total 21248K, used 4479K [0x00000000f5a00000, 0x00000000f6ec0000, 0x0000000100000000)
   the space 21248K,  21% used [0x00000000f5a00000, 0x00000000f5e5fd78, 0x00000000f5e5fe00, 0x00000000f6ec0000)
No shared spaces configured.
Event: 7.193 GC heap after
Heap after GC invocations=14 (full 3):
 def new generation   total 15424K, used 0K [0x00000000d6800000, 0x00000000d78b0000, 0x00000000e0e00000)
  eden space 13760K,   0% used [0x00000000d6800000, 0x00000000d6800000, 0x00000000d7570000)
  from space 1664K,   0% used [0x00000000d7570000, 0x00000000d7570000, 0x00000000d7710000)
  to   space 1664K,   0% used [0x00000000d7710000, 0x00000000d7710000, 0x00000000d78b0000)
 tenured generation   total 34116K, used 16703K [0x00000000e0e00000, 0x00000000e2f51000, 0x00000000f5a00000)
   the space 34116K,  48% used [0x00000000e0e00000, 0x00000000e1e4fd50, 0x00000000e1e4fe00, 0x00000000e2f51000)
 compacting perm gen  total 21248K, used 4479K [0x00000000f5a00000, 0x00000000f6ec0000, 0x0000000100000000)
   the space 21248K,  21% used [0x00000000f5a00000, 0x00000000f5e5fd78, 0x00000000f5e5fe00, 0x00000000f6ec0000)
No shared spaces configured.
}
Event: 7.698 GC heap before
{Heap before GC invocations=14 (full 3):
 def new generation   total 15424K, used 13734K [0x00000000d6800000, 0x00000000d78b0000, 0x00000000e0e00000)
  eden space 13760K,  99% used [0x00000000d6800000, 0x00000000d7569b98, 0x00000000d7570000)
  from space 1664K,   0% used [0x00000000d7570000, 0x00000000d7570000, 0x00000000d7710000)
  to   space 1664K,   0% used [0x00000000d7710000, 0x00000000d7710000, 0x00000000d78b0000)
 tenured generation   total 65432K, used 48017K [0x00000000e0e00000, 0x00000000e4de6000, 0x00000000f5a00000)
   the space 65432K,  73% used [0x00000000e0e00000, 0x00000000e3ce4560, 0x00000000e3ce4600, 0x00000000e4de6000)
 compacting perm gen  total 21248K, used 4479K [0x00000000f5a00000, 0x00000000f6ec0000, 0x0000000100000000)
   the space 21248K,  21% used [0x00000000f5a00000, 0x00000000f5e5fe28, 0x00000000f5e60000, 0x00000000f6ec0000)
No shared spaces configured.
Event: 7.699 GC heap after
Heap after GC invocations=15 (full 3):
 def new generation   total 15424K, used 64K [0x00000000d6800000, 0x00000000d78b0000, 0x00000000e0e00000)
  eden space 13760K,   0% used [0x00000000d6800000, 0x00000000d6800000, 0x00000000d7570000)
  from space 1664K,   3% used [0x00000000d7710000, 0x00000000d7720060, 0x00000000d78b0000)
  to   space 1664K,   0% used [0x00000000d7570000, 0x00000000d7570000, 0x00000000d7710000)
 tenured generation   total 65432K, used 48017K [0x00000000e0e00000, 0x00000000e4de6000, 0x00000000f5a00000)
   the space 65432K,  73% used [0x00000000e0e00000, 0x00000000e3ce4560, 0x00000000e3ce4600, 0x00000000e4de6000)
 compacting perm gen  total 21248K, used 4479K [0x00000000f5a00000, 0x00000000f6ec0000, 0x0000000100000000)
   the space 21248K,  21% used [0x00000000f5a00000, 0x00000000f5e5fe28, 0x00000000f5e60000, 0x00000000f6ec0000)
No shared spaces configured.
}
Event: 8.077 GC heap before
{Heap before GC invocations=15 (full 3):
 def new generation   total 15424K, used 13800K [0x00000000d6800000, 0x00000000d78b0000, 0x00000000e0e00000)
  eden space 13760K,  99% used [0x00000000d6800000, 0x00000000d756a388, 0x00000000d7570000)
  from space 1664K,   3% used [0x00000000d7710000, 0x00000000d7720060, 0x00000000d78b0000)
  to   space 1664K,   0% used [0x00000000d7570000, 0x00000000d7570000, 0x00000000d7710000)
 tenured generation   total 65432K, used 48017K [0x00000000e0e00000, 0x00000000e4de6000, 0x00000000f5a00000)
   the space 65432K,  73% used [0x00000000e0e00000, 0x00000000e3ce4560, 0x00000000e3ce4600, 0x00000000e4de6000)
 compacting perm gen  total 21248K, used 4479K [0x00000000f5a00000, 0x00000000f6ec0000, 0x0000000100000000)
   the space 21248K,  21% used [0x00000000f5a00000, 0x00000000f5e5fe28, 0x00000000f5e60000, 0x00000000f6ec0000)
No shared spaces configured.
Event: 8.078 GC heap after
Heap after GC invocations=16 (full 3):
 def new generation   total 15424K, used 16K [0x00000000d6800000, 0x00000000d78b0000, 0x00000000e0e00000)
  eden space 13760K,   0% used [0x00000000d6800000, 0x00000000d6800000, 0x00000000d7570000)
  from space 1664K,   0% used [0x00000000d7570000, 0x00000000d7574030, 0x00000000d7710000)
  to   space 1664K,   0% used [0x00000000d7710000, 0x00000000d7710000, 0x00000000d78b0000)
 tenured generation   total 65432K, used 48017K [0x00000000e0e00000, 0x00000000e4de6000, 0x00000000f5a00000)
   the space 65432K,  73% used [0x00000000e0e00000, 0x00000000e3ce4560, 0x00000000e3ce4600, 0x00000000e4de6000)
 compacting perm gen  total 21248K, used 4479K [0x00000000f5a00000, 0x00000000f6ec0000, 0x0000000100000000)
   the space 21248K,  21% used [0x00000000f5a00000, 0x00000000f5e5fe28, 0x00000000f5e60000, 0x00000000f6ec0000)
No shared spaces configured.
}
Event: 8.478 GC heap before
{Heap before GC invocations=16 (full 3):
 def new generation   total 15424K, used 13763K [0x00000000d6800000, 0x00000000d78b0000, 0x00000000e0e00000)
  eden space 13760K,  99% used [0x00000000d6800000, 0x00000000d756cc78, 0x00000000d7570000)
  from space 1664K,   0% used [0x00000000d7570000, 0x00000000d7574030, 0x00000000d7710000)
  to   space 1664K,   0% used [0x00000000d7710000, 0x00000000d7710000, 0x00000000d78b0000)
 tenured generation   total 65432K, used 48017K [0x00000000e0e00000, 0x00000000e4de6000, 0x00000000f5a00000)
   the space 65432K,  73% used [0x00000000e0e00000, 0x00000000e3ce4560, 0x00000000e3ce4600, 0x00000000e4de6000)
 compacting perm gen  total 21248K, used 4487K [0x00000000f5a00000, 0x00000000f6ec0000, 0x0000000100000000)
   the space 21248K,  21% used [0x00000000f5a00000, 0x00000000f5e61f80, 0x00000000f5e62000, 0x00000000f6ec0000)
No shared spaces configured.
Event: 8.478 GC heap after
Heap after GC invocations=17 (full 3):
 def new generation   total 15424K, used 64K [0x00000000d6800000, 0x00000000d78b0000, 0x00000000e0e00000)
  eden space 13760K,   0% used [0x00000000d6800000, 0x00000000d6800000, 0x00000000d7570000)
  from space 1664K,   3% used [0x00000000d7710000, 0x00000000d7720060, 0x00000000d78b0000)
  to   space 1664K,   0% used [0x00000000d7570000, 0x00000000d7570000, 0x00000000d7710000)
 tenured generation   total 65432K, used 48017K [0x00000000e0e00000, 0x00000000e4de6000, 0x00000000f5a00000)
   the space 65432K,  73% used [0x00000000e0e00000, 0x00000000e3ce4560, 0x00000000e3ce4600, 0x00000000e4de6000)
 compacting perm gen  total 21248K, used 4487K [0x00000000f5a00000, 0x00000000f6ec0000, 0x0000000100000000)
   the space 21248K,  21% used [0x00000000f5a00000, 0x00000000f5e61f80, 0x00000000f5e62000, 0x00000000f6ec0000)
No shared spaces configured.
}
Event: 8.653 GC heap before
{Heap before GC invocations=17 (full 3):
 def new generation   total 15424K, used 6131K [0x00000000d6800000, 0x00000000d78b0000, 0x00000000e0e00000)
  eden space 13760K,  44% used [0x00000000d6800000, 0x00000000d6decea0, 0x00000000d7570000)
  from space 1664K,   3% used [0x00000000d7710000, 0x00000000d7720060, 0x00000000d78b0000)
  to   space 1664K,   0% used [0x00000000d7570000, 0x00000000d7570000, 0x00000000d7710000)
 tenured generation   total 65432K, used 48017K [0x00000000e0e00000, 0x00000000e4de6000, 0x00000000f5a00000)
   the space 65432K,  73% used [0x00000000e0e00000, 0x00000000e3ce4560, 0x00000000e3ce4600, 0x00000000e4de6000)
 compacting perm gen  total 21248K, used 4487K [0x00000000f5a00000, 0x00000000f6ec0000, 0x0000000100000000)
   the space 21248K,  21% used [0x00000000f5a00000, 0x00000000f5e61f80, 0x00000000f5e62000, 0x00000000f6ec0000)
No shared spaces configured.

